<?xml version="1.0" encoding="UTF-8"?>
<testng-results skipped="0" failed="0" ignored="0" total="2" passed="2">
  <reporter-output>
  </reporter-output>
  <suite name="Default suite" duration-ms="77" started-at="2018-11-09T10:03:36Z" finished-at="2018-11-09T10:03:36Z">
    <groups>
    </groups>
    <test name="Default test" duration-ms="77" started-at="2018-11-09T10:03:36Z" finished-at="2018-11-09T10:03:36Z">
      <class name="Practice.Practice.Reflection_Generics">
        <test-method status="PASS" signature="beforeMethod(java.lang.reflect.Method)[pri:0, instance:Practice.Practice.Reflection_Generics@47c62251]" name="beforeMethod" is-config="true" duration-ms="42" started-at="2018-11-09T10:03:36Z" finished-at="2018-11-09T10:03:36Z">
          <params>
            <param index="0">
              <value>
                <![CDATA[public void Practice.Practice.Reflection_Generics.g()]]>
              </value>
            </param>
          </params>
          <reporter-output>
          </reporter-output>
        </test-method> <!-- beforeMethod -->
        <test-method status="PASS" signature="g()[pri:0, instance:Practice.Practice.Reflection_Generics@47c62251]" name="g" duration-ms="5" started-at="2018-11-09T10:03:36Z" finished-at="2018-11-09T10:03:36Z">
          <reporter-output>
          </reporter-output>
        </test-method> <!-- g -->
        <test-method status="PASS" signature="beforeMethod(java.lang.reflect.Method)[pri:0, instance:Practice.Practice.Reflection_Generics@47c62251]" name="beforeMethod" is-config="true" duration-ms="1" started-at="2018-11-09T10:03:36Z" finished-at="2018-11-09T10:03:36Z">
          <params>
            <param index="0">
              <value>
                <![CDATA[public void Practice.Practice.Reflection_Generics.i()]]>
              </value>
            </param>
          </params>
          <reporter-output>
          </reporter-output>
        </test-method> <!-- beforeMethod -->
        <test-method status="PASS" signature="i()[pri:0, instance:Practice.Practice.Reflection_Generics@47c62251]" name="i" duration-ms="1" started-at="2018-11-09T10:03:36Z" finished-at="2018-11-09T10:03:36Z">
          <reporter-output>
          </reporter-output>
        </test-method> <!-- i -->
      </class> <!-- Practice.Practice.Reflection_Generics -->
    </test> <!-- Default test -->
  </suite> <!-- Default suite -->
</testng-results>
